<?xml version="1.0" encoding="UTF-8"?>
<!-- Generated by org.testng.reporters.JUnitReportReporter -->
<testsuite hostname="Aurnob" failures="0" tests="1" name="test.automation.myalice.testcases.TestScenario01" time="5.603" errors="0" timestamp="2024-08-26T19:28:59 BDT" skipped="0">
  <testcase classname="test.automation.myalice.testcases.TestScenario01" name="Login" time="5.603"/>
  <system-out/>
</testsuite> <!-- test.automation.myalice.testcases.TestScenario01 -->
