<?xml version="1.0" encoding="UTF-8"?>
<!-- Generated by org.testng.reporters.JUnitReportReporter -->
<testsuite hostname="Aurnob" failures="0" tests="1" name="test.automation.myalice.testcases.TestScenario03" time="22.760" errors="0" timestamp="2024-08-26T19:20:03 BDT" skipped="0">
  <testcase classname="test.automation.myalice.testcases.TestScenario03" name="Details" time="22.760"/>
  <system-out/>
</testsuite> <!-- test.automation.myalice.testcases.TestScenario03 -->
