<?xml version="1.0" encoding="UTF-8"?>
<!-- Generated by org.testng.reporters.JUnitReportReporter -->
<testsuite hostname="Aurnob" failures="0" tests="1" name="test.automation.myalice.testcases.TestScenario02" time="18.835" errors="0" timestamp="2024-08-26T19:30:36 BDT" skipped="0">
  <testcase classname="test.automation.myalice.testcases.TestScenario02" name="Search" time="18.835"/>
  <system-out/>
</testsuite> <!-- test.automation.myalice.testcases.TestScenario02 -->
